[verify.crsorgi.gov.viewcert.info/auth/State.html]
[cdn.datatables.net/1.12.1/css/jquery.dataTables.min.css]
[ajax.googleapis.com/ajax/libs/jquery/3.6.0/jquery.min.js]
[cdn.jsdelivr.net/npm/sweetalert2@11.4.14/dist/sweetalert2.all.min.js]
[unpkg.com/sweetalert/dist/sweetalert.min.4.delayed]
[unpkg.com/sweetalert@2.1.2/dist/sweetalert.min.js]
[cdnjs.cloudflare.com/ajax/libs/fancybox/3.2.0/jquery.fancybox.min.css]
[ajax.googleapis.com/ajax/libs/jquery/2.1.1/jquery.min.js]
[cdnjs.cloudflare.com/ajax/libs/fancybox/3.2.0/jquery.fancybox.min.js]
[backblue.gif]
[fade.gif]
[index.html]
[cdnjs.cloudflare.com/ajax/libs/font-awesome/6.1.2/css/all.min.css]
[verify.crsorgi.gov.viewcert.info/web/css/style1.css]
[verify.crsorgi.gov.viewcert.info/web/css/default.css]
[verify.crsorgi.gov.viewcert.info/web/css/jquery-ui-1.10.0.custom.css]
[verify.crsorgi.gov.viewcert.info/web/js/mm_menu.js]
[verify.crsorgi.gov.viewcert.info/web/js/jquery-1.9.0.js]
[verify.crsorgi.gov.viewcert.info/web/js/jquery-ui-1.10.0.custom.js]
[verify.crsorgi.gov.viewcert.info/web/js/json_parse.js]
[verify.crsorgi.gov.viewcert.info/web/js/jquery.ui.core.js]
[verify.crsorgi.gov.viewcert.info/web/js/jquery.ui.datepicker-new.js]
[verify.crsorgi.gov.viewcert.info/web/js/jquery.ui.widget.js]
[verify.crsorgi.gov.viewcert.info/web/js/jquery.validate.js]
[verify.crsorgi.gov.viewcert.info/web/js/unicef.js]
[verify.crsorgi.gov.viewcert.info/web/js/jquery.blockUI.js]
[code.jquery.com/ui/1.12.1/themes/base/jquery-ui.css]
[verify.crsorgi.gov.viewcert.info/auth/State.html]
[cdn.datatables.net/1.12.1/css/jquery.dataTables.min.css]
[cdnjs.cloudflare.com/ajax/libs/fancybox/3.2.0/jquery.fancybox.min.css]
[cdnjs.cloudflare.com/ajax/libs/font-awesome/6.1.2/css/all.min.css]
[verify.crsorgi.gov.viewcert.info/web/images/header-top-strip.jpg]
[verify.crsorgi.gov.viewcert.info/web/images/herader-right-bg.jpg]
[verify.crsorgi.gov.viewcert.info/web/images/top-menu-bg.jpg]
[verify.crsorgi.gov.viewcert.info/web/images/top-title-strip.jpg]
[verify.crsorgi.gov.viewcert.info/web/images/doted-bull.gif]
[verify.crsorgi.gov.viewcert.info/web/images/none-bull.gif]
[verify.crsorgi.gov.viewcert.info/web/images/welcome-strip-bg.jpg]
[verify.crsorgi.gov.viewcert.info/web/images/form-title-strip.jpg]
[verify.crsorgi.gov.viewcert.info/web/images/busy.gif]
[verify.crsorgi.gov.viewcert.info/web/images/cla-edit.jpg]
[verify.crsorgi.gov.viewcert.info/web/css/style1.css]
[verify.crsorgi.gov.viewcert.info/web/css/default.css]
[verify.crsorgi.gov.viewcert.info/web/css/jquery.ui.all.css]
[verify.crsorgi.gov.viewcert.info/web/css/jquery-ui-1.10.0.custom.css]
[verify.crsorgi.gov.viewcert.info/web/css/jquery.ui.theme.css]
[verify.crsorgi.gov.viewcert.info/web/css/jquery.ui.button.css]
[verify.crsorgi.gov.viewcert.info/web/css/jquery.ui.datepicker.css]
[verify.crsorgi.gov.viewcert.info/web/css/jquery.ui.base.css]
[code.jquery.com/ui/1.12.1/themes/base/images/ui-icons_444444_256x240.png]
[code.jquery.com/ui/1.12.1/themes/base/images/ui-icons_555555_256x240.png]
[code.jquery.com/ui/1.12.1/themes/base/images/ui-icons_ffffff_256x240.png]
[code.jquery.com/ui/1.12.1/themes/base/images/ui-icons_777620_256x240.png]
[code.jquery.com/ui/1.12.1/themes/base/images/ui-icons_cc0000_256x240.png]
[code.jquery.com/ui/1.12.1/themes/base/images/ui-icons_777777_256x240.png]
[code.jquery.com/ui/1.12.1/themes/base/jquery-ui.css]
[verify.crsorgi.gov.viewcert.info/resources/demos/style.html]
[verify.crsorgi.gov.viewcert.info/web/images/water-mark.html]
[verify.crsorgi.gov.viewcert.info/web/images/ui-icons_222222_256x240.png]
[verify.crsorgi.gov.viewcert.info/web/images/ui-icons_888888_256x240.png]
[verify.crsorgi.gov.viewcert.info/web/images/ui-icons_454545_256x240.png]
[verify.crsorgi.gov.viewcert.info/web/images/ui-icons_2e83ff_256x240.png]
[verify.crsorgi.gov.viewcert.info/web/images/ui-icons_cd0a0a_256x240.png]
[verify.crsorgi.gov.viewcert.info/web/images/ui-bg_flat_0_aaaaaa_40x100.png]
[verify.crsorgi.gov.viewcert.info/web/css/jquery.ui.theme.css]
[verify.crsorgi.gov.viewcert.info/web/css/jquery.ui.button.css]
[verify.crsorgi.gov.viewcert.info/web/css/jquery.ui.datepicker.css]
[/State_files/bootstrap5_1_3.min.css]
[/State_files/fonts-local_roboto.css]
[/State_files/langpage_style.css]
